<?xml version="1.0" encoding="UTF-8"?><testsuite errors="0" failures="2" name="com.herokuapp.bookinfo.BookCurdTest" skipped="0" tests="4" time="13.18" timestamp="2022-06-06T22:34:55.792+01:00[Europe/London]"><testcase classname="com.herokuapp.bookinfo.BookCurdTest" name="creating booking "/><testcase classname="com.herokuapp.bookinfo.BookCurdTest" name="getting single data"/><testcase classname="com.herokuapp.bookinfo.BookCurdTest" name="updating booking "><failure message="1 expectation failed.&#10;Expected status code &lt;200&gt; but was &lt;403&gt;.&#10;" type="java.lang.AssertionError">1 expectation failed.
Expected status code &lt;200&gt; but was &lt;403&gt;.
</failure><system-err>1 expectation failed.
Expected status code &lt;200&gt; but was &lt;403&gt;.
&#13;
io.restassured.internal.ResponseSpecificationImpl.validateResponseIfRequired(ResponseSpecificationImpl.groovy:636)&#13;
io.restassured.internal.ResponseSpecificationImpl.statusCode(ResponseSpecificationImpl.groovy:122)&#13;
io.restassured.internal.ResponseSpecificationImpl.statusCode(ResponseSpecificationImpl.groovy:130)&#13;
io.restassured.internal.ValidatableResponseOptionsImpl.statusCode(ValidatableResponseOptionsImpl.java:117)&#13;
com.herokuapp.bookinfo.BookCurdTest.test003(BookCurdTest.java:58)&#13;
</system-err></testcase><testcase classname="com.herokuapp.bookinfo.BookCurdTest" name="deleting booking"><failure message="1 expectation failed.&#10;Expected status code &lt;201&gt; but was &lt;403&gt;.&#10;" type="java.lang.AssertionError">1 expectation failed.
Expected status code &lt;201&gt; but was &lt;403&gt;.
</failure><system-err>1 expectation failed.
Expected status code &lt;201&gt; but was &lt;403&gt;.
&#13;
io.restassured.internal.ResponseSpecificationImpl.validateResponseIfRequired(ResponseSpecificationImpl.groovy:636)&#13;
io.restassured.internal.ResponseSpecificationImpl.statusCode(ResponseSpecificationImpl.groovy:122)&#13;
io.restassured.internal.ResponseSpecificationImpl.statusCode(ResponseSpecificationImpl.groovy:130)&#13;
io.restassured.internal.ValidatableResponseOptionsImpl.statusCode(ValidatableResponseOptionsImpl.java:117)&#13;
com.herokuapp.bookinfo.BookCurdTest.test004(BookCurdTest.java:66)&#13;
</system-err></testcase></testsuite>